# JRE version: OpenJDK Runtime Environment Temurin-17.0.12+7 (17.0.12+7) (build 17.0.12+7)
# Java VM: OpenJDK 64-Bit Server VM Temurin-17.0.12+7 (17.0.12+7, mixed mode, tiered, compressed oops, compressed class ptrs, parallel gc, windows-amd64)
GC Precious Log:
 CPUs: 8 total, 8 available
 Memory: 3899M
 Large Page Support: Disabled
 NUMA Support: Disabled
 Compressed Oops: Enabled (32-bit)
 Alignments: Space 512K, Generation 512K, Heap 2M
 Heap Min Capacity: 100M
 Heap Initial Capacity: 100M
 Heap Max Capacity: 1G
 Pre-touch: Disabled
 Parallel Workers: 8
Heap:
 PSYoungGen      total 32768K, used 3044K [0x00000000eab00000, 0x00000000f2880000, 0x0000000100000000)
  eden space 29696K, 0% used [0x00000000eab00000,0x00000000eab00000,0x00000000ec800000)
  from space 3072K, 99% used [0x00000000eee80000,0x00000000ef179170,0x00000000ef180000)
  to   space 39424K, 0% used [0x00000000ec800000,0x00000000ec800000,0x00000000eee80000)
 ParOldGen       total 488448K, used 487361K [0x00000000c0000000, 0x00000000ddd00000, 0x00000000eab00000)
  object space 488448K, 99% used [0x00000000c0000000,0x00000000ddbf04b8,0x00000000ddd00000)
 Metaspace       used 93546K, committed 94976K, reserved 1179648K
  class space    used 10082K, committed 10688K, reserved 1048576K
GC Heap History (20 events):
Event: 1025.427 GC heap after
{Heap after GC invocations=369 (full 38):
 PSYoungGen      total 60928K, used 2020K [0x00000000eab00000, 0x00000000ef400000, 0x0000000100000000)
  eden space 58880K, 0% used [0x00000000eab00000,0x00000000eab00000,0x00000000ee480000)
  from space 2048K, 98% used [0x00000000ef180000,0x00000000ef3791c8,0x00000000ef380000)
  to   space 512K, 0% used [0x00000000ef380000,0x00000000ef380000,0x00000000ef400000)
 ParOldGen       total 488448K, used 422227K [0x00000000c0000000, 0x00000000ddd00000, 0x00000000eab00000)
  object space 488448K, 86% used [0x00000000c0000000,0x00000000d9c54e18,0x00000000ddd00000)
 Metaspace       used 93103K, committed 94592K, reserved 1179648K
  class space    used 10071K, committed 10688K, reserved 1048576K
}
Event: 1026.074 GC heap before
{Heap before GC invocations=370 (full 38):
 PSYoungGen      total 60928K, used 60900K [0x00000000eab00000, 0x00000000ef400000, 0x0000000100000000)
  eden space 58880K, 99% used [0x00000000eab00000,0x00000000ee47fff0,0x00000000ee480000)
  from space 2048K, 98% used [0x00000000ef180000,0x00000000ef3791c8,0x00000000ef380000)
  to   space 512K, 0% used [0x00000000ef380000,0x00000000ef380000,0x00000000ef400000)
 ParOldGen       total 488448K, used 422227K [0x00000000c0000000, 0x00000000ddd00000, 0x00000000eab00000)
  object space 488448K, 86% used [0x00000000c0000000,0x00000000d9c54e18,0x00000000ddd00000)
 Metaspace       used 93216K, committed 94656K, reserved 1179648K
  class space    used 10079K, committed 10688K, reserved 1048576K
}
Event: 1026.085 GC heap after
{Heap after GC invocations=370 (full 38):
 PSYoungGen      total 58368K, used 489K [0x00000000eab00000, 0x00000000ef980000, 0x0000000100000000)
  eden space 57856K, 0% used [0x00000000eab00000,0x00000000eab00000,0x00000000ee380000)
  from space 512K, 95% used [0x00000000ef380000,0x00000000ef3fa420,0x00000000ef400000)
  to   space 11264K, 0% used [0x00000000ee380000,0x00000000ee380000,0x00000000eee80000)
 ParOldGen       total 488448K, used 431501K [0x00000000c0000000, 0x00000000ddd00000, 0x00000000eab00000)
  object space 488448K, 88% used [0x00000000c0000000,0x00000000da563638,0x00000000ddd00000)
 Metaspace       used 93216K, committed 94656K, reserved 1179648K
  class space    used 10079K, committed 10688K, reserved 1048576K
}
Event: 1026.564 GC heap before
{Heap before GC invocations=371 (full 38):
 PSYoungGen      total 58368K, used 58031K [0x00000000eab00000, 0x00000000ef980000, 0x0000000100000000)
  eden space 57856K, 99% used [0x00000000eab00000,0x00000000ee331ba0,0x00000000ee380000)
  from space 512K, 95% used [0x00000000ef380000,0x00000000ef3fa420,0x00000000ef400000)
  to   space 11264K, 0% used [0x00000000ee380000,0x00000000ee380000,0x00000000eee80000)
 ParOldGen       total 488448K, used 431501K [0x00000000c0000000, 0x00000000ddd00000, 0x00000000eab00000)
  object space 488448K, 88% used [0x00000000c0000000,0x00000000da563638,0x00000000ddd00000)
 Metaspace       used 93251K, committed 94720K, reserved 1179648K
  class space    used 10079K, committed 10688K, reserved 1048576K
}
Event: 1026.583 GC heap after
{Heap after GC invocations=371 (full 38):
 PSYoungGen      total 68096K, used 11236K [0x00000000eab00000, 0x00000000f0880000, 0x0000000100000000)
  eden space 56832K, 0% used [0x00000000eab00000,0x00000000eab00000,0x00000000ee280000)
  from space 11264K, 99% used [0x00000000ee380000,0x00000000eee79188,0x00000000eee80000)
  to   space 19456K, 0% used [0x00000000ef580000,0x00000000ef580000,0x00000000f0880000)
 ParOldGen       total 488448K, used 437981K [0x00000000c0000000, 0x00000000ddd00000, 0x00000000eab00000)
  object space 488448K, 89% used [0x00000000c0000000,0x00000000dabb7638,0x00000000ddd00000)
 Metaspace       used 93251K, committed 94720K, reserved 1179648K
  class space    used 10079K, committed 10688K, reserved 1048576K
}
Event: 1027.670 GC heap before
{Heap before GC invocations=372 (full 38):
 PSYoungGen      total 68096K, used 68068K [0x00000000eab00000, 0x00000000f0880000, 0x0000000100000000)
  eden space 56832K, 100% used [0x00000000eab00000,0x00000000ee280000,0x00000000ee280000)
  from space 11264K, 99% used [0x00000000ee380000,0x00000000eee79188,0x00000000eee80000)
  to   space 19456K, 0% used [0x00000000ef580000,0x00000000ef580000,0x00000000f0880000)
 ParOldGen       total 488448K, used 437981K [0x00000000c0000000, 0x00000000ddd00000, 0x00000000eab00000)
  object space 488448K, 89% used [0x00000000c0000000,0x00000000dabb7638,0x00000000ddd00000)
 Metaspace       used 93275K, committed 94720K, reserved 1179648K
  class space    used 10079K, committed 10688K, reserved 1048576K
}
Event: 1027.675 GC heap after
{Heap after GC invocations=372 (full 38):
 PSYoungGen      total 56320K, used 320K [0x00000000eab00000, 0x00000000ef600000, 0x0000000100000000)
  eden space 55808K, 0% used [0x00000000eab00000,0x00000000eab00000,0x00000000ee180000)
  from space 512K, 62% used [0x00000000ef580000,0x00000000ef5d0000,0x00000000ef600000)
  to   space 7168K, 0% used [0x00000000ee800000,0x00000000ee800000,0x00000000eef00000)
 ParOldGen       total 488448K, used 442354K [0x00000000c0000000, 0x00000000ddd00000, 0x00000000eab00000)
  object space 488448K, 90% used [0x00000000c0000000,0x00000000daffc838,0x00000000ddd00000)
 Metaspace       used 93275K, committed 94720K, reserved 1179648K
  class space    used 10079K, committed 10688K, reserved 1048576K
}
Event: 1028.194 GC heap before
{Heap before GC invocations=373 (full 38):
 PSYoungGen      total 56320K, used 56128K [0x00000000eab00000, 0x00000000ef600000, 0x0000000100000000)
  eden space 55808K, 100% used [0x00000000eab00000,0x00000000ee180000,0x00000000ee180000)
  from space 512K, 62% used [0x00000000ef580000,0x00000000ef5d0000,0x00000000ef600000)
  to   space 7168K, 0% used [0x00000000ee800000,0x00000000ee800000,0x00000000eef00000)
 ParOldGen       total 488448K, used 442354K [0x00000000c0000000, 0x00000000ddd00000, 0x00000000eab00000)
  object space 488448K, 90% used [0x00000000c0000000,0x00000000daffc838,0x00000000ddd00000)
 Metaspace       used 93303K, committed 94720K, reserved 1179648K
  class space    used 10079K, committed 10688K, reserved 1048576K
}
Event: 1028.200 GC heap after
{Heap after GC invocations=373 (full 38):
 PSYoungGen      total 61952K, used 3076K [0x00000000eab00000, 0x00000000ef600000, 0x0000000100000000)
  eden space 54784K, 0% used [0x00000000eab00000,0x00000000eab00000,0x00000000ee080000)
  from space 7168K, 42% used [0x00000000ee800000,0x00000000eeb01180,0x00000000eef00000)
  to   space 4096K, 0% used [0x00000000ef200000,0x00000000ef200000,0x00000000ef600000)
 ParOldGen       total 488448K, used 442354K [0x00000000c0000000, 0x00000000ddd00000, 0x00000000eab00000)
  object space 488448K, 90% used [0x00000000c0000000,0x00000000daffc838,0x00000000ddd00000)
 Metaspace       used 93303K, committed 94720K, reserved 1179648K
  class space    used 10079K, committed 10688K, reserved 1048576K
}
Event: 1029.308 GC heap before
{Heap before GC invocations=374 (full 38):
 PSYoungGen      total 61952K, used 57860K [0x00000000eab00000, 0x00000000ef600000, 0x0000000100000000)
  eden space 54784K, 99% used [0x00000000eab00000,0x00000000ee07fff0,0x00000000ee080000)
  from space 7168K, 42% used [0x00000000ee800000,0x00000000eeb01180,0x00000000eef00000)
  to   space 4096K, 0% used [0x00000000ef200000,0x00000000ef200000,0x00000000ef600000)
 ParOldGen       total 488448K, used 442354K [0x00000000c0000000, 0x00000000ddd00000, 0x00000000eab00000)
  object space 488448K, 90% used [0x00000000c0000000,0x00000000daffc838,0x00000000ddd00000)
 Metaspace       used 93357K, committed 94784K, reserved 1179648K
  class space    used 10079K, committed 10688K, reserved 1048576K
}
Event: 1029.314 GC heap after
{Heap after GC invocations=374 (full 38):
 PSYoungGen      total 54784K, used 931K [0x00000000eab00000, 0x00000000ef300000, 0x0000000100000000)
  eden space 53760K, 0% used [0x00000000eab00000,0x00000000eab00000,0x00000000edf80000)
  from space 1024K, 90% used [0x00000000ef200000,0x00000000ef2e8d20,0x00000000ef300000)
  to   space 2048K, 0% used [0x00000000eef00000,0x00000000eef00000,0x00000000ef100000)
 ParOldGen       total 488448K, used 442354K [0x00000000c0000000, 0x00000000ddd00000, 0x00000000eab00000)
  object space 488448K, 90% used [0x00000000c0000000,0x00000000daffc838,0x00000000ddd00000)
 Metaspace       used 93357K, committed 94784K, reserved 1179648K
  class space    used 10079K, committed 10688K, reserved 1048576K
}
Event: 1030.111 GC heap before
{Heap before GC invocations=375 (full 38):
 PSYoungGen      total 54784K, used 54691K [0x00000000eab00000, 0x00000000ef300000, 0x0000000100000000)
  eden space 53760K, 100% used [0x00000000eab00000,0x00000000edf80000,0x00000000edf80000)
  from space 1024K, 90% used [0x00000000ef200000,0x00000000ef2e8d20,0x00000000ef300000)
  to   space 2048K, 0% used [0x00000000eef00000,0x00000000eef00000,0x00000000ef100000)
 ParOldGen       total 488448K, used 442354K [0x00000000c0000000, 0x00000000ddd00000, 0x00000000eab00000)
  object space 488448K, 90% used [0x00000000c0000000,0x00000000daffc838,0x00000000ddd00000)
 Metaspace       used 93455K, committed 94912K, reserved 1179648K
  class space    used 10079K, committed 10688K, reserved 1048576K
}
Event: 1030.129 GC heap after
{Heap after GC invocations=375 (full 38):
 PSYoungGen      total 54784K, used 2047K [0x00000000eab00000, 0x00000000f0180000, 0x0000000100000000)
  eden space 52736K, 0% used [0x00000000eab00000,0x00000000eab00000,0x00000000ede80000)
  from space 2048K, 99% used [0x00000000eef00000,0x00000000ef0fffd0,0x00000000ef100000)
  to   space 16896K, 0% used [0x00000000ef100000,0x00000000ef100000,0x00000000f0180000)
 ParOldGen       total 488448K, used 455521K [0x00000000c0000000, 0x00000000ddd00000, 0x00000000eab00000)
  object space 488448K, 93% used [0x00000000c0000000,0x00000000dbcd8498,0x00000000ddd00000)
 Metaspace       used 93455K, committed 94912K, reserved 1179648K
  class space    used 10079K, committed 10688K, reserved 1048576K
}
Event: 1030.796 GC heap before
{Heap before GC invocations=376 (full 38):
 PSYoungGen      total 54784K, used 54783K [0x00000000eab00000, 0x00000000f0180000, 0x0000000100000000)
  eden space 52736K, 100% used [0x00000000eab00000,0x00000000ede80000,0x00000000ede80000)
  from space 2048K, 99% used [0x00000000eef00000,0x00000000ef0fffd0,0x00000000ef100000)
  to   space 16896K, 0% used [0x00000000ef100000,0x00000000ef100000,0x00000000f0180000)
 ParOldGen       total 488448K, used 455521K [0x00000000c0000000, 0x00000000ddd00000, 0x00000000eab00000)
  object space 488448K, 93% used [0x00000000c0000000,0x00000000dbcd8498,0x00000000ddd00000)
 Metaspace       used 93496K, committed 94912K, reserved 1179648K
  class space    used 10079K, committed 10688K, reserved 1048576K
}
Event: 1030.803 GC heap after
{Heap after GC invocations=376 (full 38):
 PSYoungGen      total 59392K, used 7374K [0x00000000eab00000, 0x00000000ef880000, 0x0000000100000000)
  eden space 51712K, 0% used [0x00000000eab00000,0x00000000eab00000,0x00000000edd80000)
  from space 7680K, 96% used [0x00000000ef100000,0x00000000ef833b00,0x00000000ef880000)
  to   space 10240K, 0% used [0x00000000ee480000,0x00000000ee480000,0x00000000eee80000)
 ParOldGen       total 488448K, used 455561K [0x00000000c0000000, 0x00000000ddd00000, 0x00000000eab00000)
  object space 488448K, 93% used [0x00000000c0000000,0x00000000dbce2498,0x00000000ddd00000)
 Metaspace       used 93496K, committed 94912K, reserved 1179648K
  class space    used 10079K, committed 10688K, reserved 1048576K
}
Event: 1033.392 GC heap before
{Heap before GC invocations=377 (full 38):
 PSYoungGen      total 59392K, used 59086K [0x00000000eab00000, 0x00000000ef880000, 0x0000000100000000)
  eden space 51712K, 100% used [0x00000000eab00000,0x00000000edd80000,0x00000000edd80000)
  from space 7680K, 96% used [0x00000000ef100000,0x00000000ef833b00,0x00000000ef880000)
  to   space 10240K, 0% used [0x00000000ee480000,0x00000000ee480000,0x00000000eee80000)
 ParOldGen       total 488448K, used 455561K [0x00000000c0000000, 0x00000000ddd00000, 0x00000000eab00000)
  object space 488448K, 93% used [0x00000000c0000000,0x00000000dbce2498,0x00000000ddd00000)
 Metaspace       used 93535K, committed 94976K, reserved 1179648K
  class space    used 10082K, committed 10688K, reserved 1048576K
}
Event: 1033.401 GC heap after
{Heap after GC invocations=377 (full 38):
 PSYoungGen      total 60928K, used 10088K [0x00000000eab00000, 0x00000000ef180000, 0x0000000100000000)
  eden space 50688K, 0% used [0x00000000eab00000,0x00000000eab00000,0x00000000edc80000)
  from space 10240K, 98% used [0x00000000ee480000,0x00000000eee5a3d0,0x00000000eee80000)
  to   space 3072K, 0% used [0x00000000eee80000,0x00000000eee80000,0x00000000ef180000)
 ParOldGen       total 488448K, used 455561K [0x00000000c0000000, 0x00000000ddd00000, 0x00000000eab00000)
  object space 488448K, 93% used [0x00000000c0000000,0x00000000dbce2498,0x00000000ddd00000)
 Metaspace       used 93535K, committed 94976K, reserved 1179648K
  class space    used 10082K, committed 10688K, reserved 1048576K
}
Event: 1033.567 GC heap before
{Heap before GC invocations=378 (full 38):
 PSYoungGen      total 60928K, used 59099K [0x00000000eab00000, 0x00000000ef180000, 0x0000000100000000)
  eden space 50688K, 96% used [0x00000000eab00000,0x00000000edadc928,0x00000000edc80000)
  from space 10240K, 98% used [0x00000000ee480000,0x00000000eee5a3d0,0x00000000eee80000)
  to   space 3072K, 0% used [0x00000000eee80000,0x00000000eee80000,0x00000000ef180000)
 ParOldGen       total 488448K, used 455561K [0x00000000c0000000, 0x00000000ddd00000, 0x00000000eab00000)
  object space 488448K, 93% used [0x00000000c0000000,0x00000000dbce2498,0x00000000ddd00000)
 Metaspace       used 93546K, committed 94976K, reserved 1179648K
  class space    used 10082K, committed 10688K, reserved 1048576K
}
Event: 1033.588 GC heap after
{Heap after GC invocations=378 (full 38):
 PSYoungGen      total 32768K, used 3044K [0x00000000eab00000, 0x00000000f2880000, 0x0000000100000000)
  eden space 29696K, 0% used [0x00000000eab00000,0x00000000eab00000,0x00000000ec800000)
  from space 3072K, 99% used [0x00000000eee80000,0x00000000ef179170,0x00000000ef180000)
  to   space 39424K, 0% used [0x00000000ec800000,0x00000000ec800000,0x00000000eee80000)
 ParOldGen       total 488448K, used 487361K [0x00000000c0000000, 0x00000000ddd00000, 0x00000000eab00000)
  object space 488448K, 99% used [0x00000000c0000000,0x00000000ddbf04b8,0x00000000ddd00000)
 Metaspace       used 93546K, committed 94976K, reserved 1179648K
  class space    used 10082K, committed 10688K, reserved 1048576K
}
Event: 1033.588 GC heap before
{Heap before GC invocations=379 (full 39):
 PSYoungGen      total 32768K, used 3044K [0x00000000eab00000, 0x00000000f2880000, 0x0000000100000000)
  eden space 29696K, 0% used [0x00000000eab00000,0x00000000eab00000,0x00000000ec800000)
  from space 3072K, 99% used [0x00000000eee80000,0x00000000ef179170,0x00000000ef180000)
  to   space 39424K, 0% used [0x00000000ec800000,0x00000000ec800000,0x00000000eee80000)
 ParOldGen       total 488448K, used 487361K [0x00000000c0000000, 0x00000000ddd00000, 0x00000000eab00000)
  object space 488448K, 99% used [0x00000000c0000000,0x00000000ddbf04b8,0x00000000ddd00000)
 Metaspace       used 93546K, committed 94976K, reserved 1179648K
  class space    used 10082K, committed 10688K, reserved 1048576K
}

