# JRE version: Java(TM) SE Runtime Environment (22.0.2+9) (build 22.0.2+9-70)
# Java VM: Java HotSpot(TM) 64-Bit Server VM (22.0.2+9-70, mixed mode, sharing, tiered, compressed oops, compressed class ptrs, g1 gc, windows-amd64)
GC Precious Log:
 CardTable entry size: 512
 Card Set container configuration: InlinePtr #cards 5 size 8 Array Of Cards #cards 12 size 40 Howl #buckets 4 coarsen threshold 1843 Howl Bitmap #cards 512 size 80 coarsen threshold 460 Card regions per heap region 1 cards per card region 2048
 CPUs: 8 total, 8 available
 Memory: 3899M
 Large Page Support: Disabled
 NUMA Support: Disabled
 Compressed Oops: Enabled (32-bit)
 Heap Region Size: 1M
 Heap Min Capacity: 8M
 Heap Initial Capacity: 62M
 Heap Max Capacity: 976M
 Pre-touch: Disabled
 Parallel Workers: 8
 Concurrent Workers: 2
 Concurrent Refinement Workers: 8
 Periodic GC: Disabled
Heap:
 garbage-first heap   total reserved 999424K, committed 89088K, used 63475K [0x00000000c3000000, 0x0000000100000000)
  region size 1024K, 13 young (13312K), 2 survivors (2048K)
 Metaspace       used 79964K, committed 80896K, reserved 1179648K
  class space    used 10586K, committed 11008K, reserved 1048576K
GC Heap History (20 events):
Event: 276.257 GC heap after
{Heap after GC invocations=53 (full 5):
 garbage-first heap   total reserved 999424K, committed 73728K, used 38337K [0x00000000c3000000, 0x0000000100000000)
  region size 1024K, 4 young (4096K), 4 survivors (4096K)
 Metaspace       used 78297K, committed 79168K, reserved 1179648K
  class space    used 10483K, committed 10880K, reserved 1048576K
}
Event: 276.741 GC heap before
{Heap before GC invocations=53 (full 5):
 garbage-first heap   total reserved 999424K, committed 73728K, used 60865K [0x00000000c3000000, 0x0000000100000000)
  region size 1024K, 27 young (27648K), 4 survivors (4096K)
 Metaspace       used 78416K, committed 79296K, reserved 1179648K
  class space    used 10489K, committed 10880K, reserved 1048576K
}
Event: 276.748 GC heap after
{Heap after GC invocations=54 (full 5):
 garbage-first heap   total reserved 999424K, committed 73728K, used 40135K [0x00000000c3000000, 0x0000000100000000)
  region size 1024K, 3 young (3072K), 3 survivors (3072K)
 Metaspace       used 78416K, committed 79296K, reserved 1179648K
  class space    used 10489K, committed 10880K, reserved 1048576K
}
Event: 281.276 GC heap before
{Heap before GC invocations=54 (full 5):
 garbage-first heap   total reserved 999424K, committed 73728K, used 61639K [0x00000000c3000000, 0x0000000100000000)
  region size 1024K, 25 young (25600K), 3 survivors (3072K)
 Metaspace       used 78696K, committed 79552K, reserved 1179648K
  class space    used 10504K, committed 10880K, reserved 1048576K
}
Event: 281.282 GC heap after
{Heap after GC invocations=55 (full 5):
 garbage-first heap   total reserved 999424K, committed 73728K, used 41458K [0x00000000c3000000, 0x0000000100000000)
  region size 1024K, 4 young (4096K), 4 survivors (4096K)
 Metaspace       used 78696K, committed 79552K, reserved 1179648K
  class space    used 10504K, committed 10880K, reserved 1048576K
}
Event: 281.819 GC heap before
{Heap before GC invocations=56 (full 5):
 garbage-first heap   total reserved 999424K, committed 73728K, used 61938K [0x00000000c3000000, 0x0000000100000000)
  region size 1024K, 24 young (24576K), 4 survivors (4096K)
 Metaspace       used 78779K, committed 79680K, reserved 1179648K
  class space    used 10511K, committed 10880K, reserved 1048576K
}
Event: 281.826 GC heap after
{Heap after GC invocations=57 (full 5):
 garbage-first heap   total reserved 999424K, committed 73728K, used 42265K [0x00000000c3000000, 0x0000000100000000)
  region size 1024K, 2 young (2048K), 2 survivors (2048K)
 Metaspace       used 78779K, committed 79680K, reserved 1179648K
  class space    used 10511K, committed 10880K, reserved 1048576K
}
Event: 282.327 GC heap before
{Heap before GC invocations=57 (full 5):
 garbage-first heap   total reserved 999424K, committed 73728K, used 63769K [0x00000000c3000000, 0x0000000100000000)
  region size 1024K, 24 young (24576K), 2 survivors (2048K)
 Metaspace       used 78947K, committed 79808K, reserved 1179648K
  class space    used 10519K, committed 10880K, reserved 1048576K
}
Event: 282.335 GC heap after
{Heap after GC invocations=58 (full 5):
 garbage-first heap   total reserved 999424K, committed 89088K, used 43557K [0x00000000c3000000, 0x0000000100000000)
  region size 1024K, 2 young (2048K), 2 survivors (2048K)
 Metaspace       used 78947K, committed 79808K, reserved 1179648K
  class space    used 10519K, committed 10880K, reserved 1048576K
}
Event: 286.401 GC heap before
{Heap before GC invocations=58 (full 5):
 garbage-first heap   total reserved 999424K, committed 89088K, used 79397K [0x00000000c3000000, 0x0000000100000000)
  region size 1024K, 37 young (37888K), 2 survivors (2048K)
 Metaspace       used 79212K, committed 80064K, reserved 1179648K
  class space    used 10534K, committed 10944K, reserved 1048576K
}
Event: 286.408 GC heap after
{Heap after GC invocations=59 (full 5):
 garbage-first heap   total reserved 999424K, committed 89088K, used 45994K [0x00000000c3000000, 0x0000000100000000)
  region size 1024K, 5 young (5120K), 5 survivors (5120K)
 Metaspace       used 79212K, committed 80064K, reserved 1179648K
  class space    used 10534K, committed 10944K, reserved 1048576K
}
Event: 291.681 GC heap before
{Heap before GC invocations=60 (full 5):
 garbage-first heap   total reserved 999424K, committed 89088K, used 75690K [0x00000000c3000000, 0x0000000100000000)
  region size 1024K, 35 young (35840K), 5 survivors (5120K)
 Metaspace       used 79449K, committed 80384K, reserved 1179648K
  class space    used 10550K, committed 10944K, reserved 1048576K
}
Event: 291.691 GC heap after
{Heap after GC invocations=61 (full 5):
 garbage-first heap   total reserved 999424K, committed 89088K, used 46218K [0x00000000c3000000, 0x0000000100000000)
  region size 1024K, 2 young (2048K), 2 survivors (2048K)
 Metaspace       used 79449K, committed 80384K, reserved 1179648K
  class space    used 10550K, committed 10944K, reserved 1048576K
}
Event: 306.892 GC heap before
{Heap before GC invocations=61 (full 5):
 garbage-first heap   total reserved 999424K, committed 89088K, used 80010K [0x00000000c3000000, 0x0000000100000000)
  region size 1024K, 35 young (35840K), 2 survivors (2048K)
 Metaspace       used 79561K, committed 80448K, reserved 1179648K
  class space    used 10558K, committed 10944K, reserved 1048576K
}
Event: 306.903 GC heap after
{Heap after GC invocations=62 (full 5):
 garbage-first heap   total reserved 999424K, committed 89088K, used 48502K [0x00000000c3000000, 0x0000000100000000)
  region size 1024K, 4 young (4096K), 4 survivors (4096K)
 Metaspace       used 79561K, committed 80448K, reserved 1179648K
  class space    used 10558K, committed 10944K, reserved 1048576K
}
Event: 307.886 GC heap before
{Heap before GC invocations=62 (full 5):
 garbage-first heap   total reserved 999424K, committed 89088K, used 79222K [0x00000000c3000000, 0x0000000100000000)
  region size 1024K, 34 young (34816K), 4 survivors (4096K)
 Metaspace       used 79861K, committed 80704K, reserved 1179648K
  class space    used 10578K, committed 10944K, reserved 1048576K
}
Event: 307.903 GC heap after
{Heap after GC invocations=63 (full 5):
 garbage-first heap   total reserved 999424K, committed 89088K, used 51054K [0x00000000c3000000, 0x0000000100000000)
  region size 1024K, 3 young (3072K), 3 survivors (3072K)
 Metaspace       used 79861K, committed 80704K, reserved 1179648K
  class space    used 10578K, committed 10944K, reserved 1048576K
}
Event: 337.475 GC heap before
{Heap before GC invocations=64 (full 5):
 garbage-first heap   total reserved 999424K, committed 89088K, used 79726K [0x00000000c3000000, 0x0000000100000000)
  region size 1024K, 31 young (31744K), 3 survivors (3072K)
 Metaspace       used 79945K, committed 80832K, reserved 1179648K
  class space    used 10586K, committed 11008K, reserved 1048576K
}
Event: 337.481 GC heap after
{Heap after GC invocations=65 (full 5):
 garbage-first heap   total reserved 999424K, committed 89088K, used 52381K [0x00000000c3000000, 0x0000000100000000)
  region size 1024K, 2 young (2048K), 2 survivors (2048K)
 Metaspace       used 79945K, committed 80832K, reserved 1179648K
  class space    used 10586K, committed 11008K, reserved 1048576K
}
Event: 365.232 GC heap before
{Heap before GC invocations=65 (full 5):
 garbage-first heap   total reserved 999424K, committed 89088K, used 62621K [0x00000000c3000000, 0x0000000100000000)
  region size 1024K, 13 young (13312K), 2 survivors (2048K)
 Metaspace       used 79964K, committed 80896K, reserved 1179648K
  class space    used 10586K, committed 11008K, reserved 1048576K
}

